[08-Mar-2024 11:26:14 UTC] Erreur d’événement de replanification de tâche pour le crochet action_scheduler_run_queue. Code d’erreur : invalid_schedule. Message d’erreur : L’évènement planifié n’existe pas.. Données : {"schedule":"every_minute","args":["WP Cron"],"interval":60}
[14-Mar-2024 13:08:40 UTC] Erreur d’événement de replanification de tâche pour le crochet action_scheduler_run_queue. Code d’erreur : could_not_set. Message d’erreur : La liste des évènements planifiés n’a pas pu être sauvegardée.. Données : {"schedule":"every_minute","args":["WP Cron"],"interval":60}
[15-Mar-2024 13:32:46 UTC] PHP Fatal error:  Uncaught Error: Call to a member function enqueue_styles() on null in C:\Users\isabe\Local Sites\plantykadence\app\public\wp-content\plugins\header-footer-elementor\inc\class-header-footer-elementor.php:385
Stack trace:
#0 C:\Users\isabe\Local Sites\plantykadence\app\public\wp-includes\class-wp-hook.php(324): Header_Footer_Elementor->enqueue_scripts('')
#1 C:\Users\isabe\Local Sites\plantykadence\app\public\wp-includes\class-wp-hook.php(348): WP_Hook->apply_filters(NULL, Array)
#2 C:\Users\isabe\Local Sites\plantykadence\app\public\wp-includes\plugin.php(517): WP_Hook->do_action(Array)
#3 C:\Users\isabe\Local Sites\plantykadence\app\public\wp-includes\script-loader.php(2262): do_action('wp_enqueue_scri...')
#4 C:\Users\isabe\Local Sites\plantykadence\app\public\wp-includes\class-wp-customize-manager.php(457): wp_enqueue_scripts()
#5 C:\Users\isabe\Local Sites\plantykadence\app\public\wp-includes\class-wp-customize-manager.php(556): WP_Customize_Manager->wp_die(0, 'Non-existent ch...')
#6 C:\Users\isabe\Local Sites\plantykadence\app\public\wp-includes\class-wp-hook.php(324): WP_Customize_Manager->setup_theme('')
#7 C:\Users\isabe\Local Sites\plantykadence\app\public\wp-includes\class-wp-hook.php(348): WP_Hook->apply_filters(NULL, Array)
#8 C:\Users\isabe\Local Sites\plantykadence\app\public\wp-includes\plugin.php(517): WP_Hook->do_action(Array)
#9 C:\Users\isabe\Local Sites\plantykadence\app\public\wp-settings.php(575): do_action('setup_theme')
#10 C:\Users\isabe\Local Sites\plantykadence\app\public\wp-config.php(103): require_once('C:\\Users\\isabe\\...')
#11 C:\Users\isabe\Local Sites\plantykadence\app\public\wp-load.php(50): require_once('C:\\Users\\isabe\\...')
#12 C:\Users\isabe\Local Sites\plantykadence\app\public\wp-blog-header.php(13): require_once('C:\\Users\\isabe\\...')
#13 C:\Users\isabe\Local Sites\plantykadence\app\public\index.php(17): require('C:\\Users\\isabe\\...')
#14 {main}
  thrown in C:\Users\isabe\Local Sites\plantykadence\app\public\wp-content\plugins\header-footer-elementor\inc\class-header-footer-elementor.php on line 385
[21-Mar-2024 14:17:47 UTC] PHP Parse error:  syntax error, unexpected token "}", expecting "," or ";" in C:\Users\isabe\Local Sites\plantykadence\app\public\wp-content\themes\plantykadence\functions.php on line 30
[21-Mar-2024 14:17:49 UTC] PHP Parse error:  syntax error, unexpected token "}", expecting "," or ";" in C:\Users\isabe\Local Sites\plantykadence\app\public\wp-content\themes\plantykadence\functions.php on line 30
[21-Mar-2024 14:18:21 UTC] PHP Fatal error:  Uncaught Error: Undefined constant "admin" in C:\Users\isabe\Local Sites\plantykadence\app\public\wp-content\themes\plantykadence\functions.php:29
Stack trace:
#0 C:\Users\isabe\Local Sites\plantykadence\app\public\wp-includes\class-wp-hook.php(324): ma_fonction_admin('')
#1 C:\Users\isabe\Local Sites\plantykadence\app\public\wp-includes\class-wp-hook.php(348): WP_Hook->apply_filters(NULL, Array)
#2 C:\Users\isabe\Local Sites\plantykadence\app\public\wp-includes\plugin.php(517): WP_Hook->do_action(Array)
#3 C:\Users\isabe\Local Sites\plantykadence\app\public\wp-admin\admin-ajax.php(45): do_action('admin_init')
#4 {main}
  thrown in C:\Users\isabe\Local Sites\plantykadence\app\public\wp-content\themes\plantykadence\functions.php on line 29
[21-Mar-2024 14:18:21 UTC] PHP Warning:  Trying to access array offset on value of type bool in C:\Users\isabe\Local Sites\plantykadence\app\public\wp-includes\class-wp-recovery-mode-email-service.php on line 367
[21-Mar-2024 14:18:21 UTC] PHP Warning:  Trying to access array offset on value of type bool in C:\Users\isabe\Local Sites\plantykadence\app\public\wp-includes\class-wp-recovery-mode-email-service.php on line 368
[21-Mar-2024 14:19:21 UTC] PHP Fatal error:  Uncaught Error: Undefined constant "admin" in C:\Users\isabe\Local Sites\plantykadence\app\public\wp-content\themes\plantykadence\functions.php:29
Stack trace:
#0 C:\Users\isabe\Local Sites\plantykadence\app\public\wp-includes\class-wp-hook.php(324): ma_fonction_admin('')
#1 C:\Users\isabe\Local Sites\plantykadence\app\public\wp-includes\class-wp-hook.php(348): WP_Hook->apply_filters(NULL, Array)
#2 C:\Users\isabe\Local Sites\plantykadence\app\public\wp-includes\plugin.php(517): WP_Hook->do_action(Array)
#3 C:\Users\isabe\Local Sites\plantykadence\app\public\wp-admin\admin-ajax.php(45): do_action('admin_init')
#4 {main}
  thrown in C:\Users\isabe\Local Sites\plantykadence\app\public\wp-content\themes\plantykadence\functions.php on line 29
[22-Mar-2024 07:46:49 UTC] PHP Fatal error:  Uncaught Error: Call to a member function enqueue_styles() on null in C:\Users\isabe\Local Sites\plantykadence\app\public\wp-content\plugins\header-footer-elementor\inc\class-header-footer-elementor.php:385
Stack trace:
#0 C:\Users\isabe\Local Sites\plantykadence\app\public\wp-includes\class-wp-hook.php(324): Header_Footer_Elementor->enqueue_scripts('')
#1 C:\Users\isabe\Local Sites\plantykadence\app\public\wp-includes\class-wp-hook.php(348): WP_Hook->apply_filters(NULL, Array)
#2 C:\Users\isabe\Local Sites\plantykadence\app\public\wp-includes\plugin.php(517): WP_Hook->do_action(Array)
#3 C:\Users\isabe\Local Sites\plantykadence\app\public\wp-includes\script-loader.php(2262): do_action('wp_enqueue_scri...')
#4 C:\Users\isabe\Local Sites\plantykadence\app\public\wp-includes\class-wp-customize-manager.php(457): wp_enqueue_scripts()
#5 C:\Users\isabe\Local Sites\plantykadence\app\public\wp-includes\class-wp-customize-manager.php(556): WP_Customize_Manager->wp_die(0, 'Non-existent ch...')
#6 C:\Users\isabe\Local Sites\plantykadence\app\public\wp-includes\class-wp-hook.php(324): WP_Customize_Manager->setup_theme('')
#7 C:\Users\isabe\Local Sites\plantykadence\app\public\wp-includes\class-wp-hook.php(348): WP_Hook->apply_filters(NULL, Array)
#8 C:\Users\isabe\Local Sites\plantykadence\app\public\wp-includes\plugin.php(517): WP_Hook->do_action(Array)
#9 C:\Users\isabe\Local Sites\plantykadence\app\public\wp-settings.php(575): do_action('setup_theme')
#10 C:\Users\isabe\Local Sites\plantykadence\app\public\wp-config.php(103): require_once('C:\\Users\\isabe\\...')
#11 C:\Users\isabe\Local Sites\plantykadence\app\public\wp-load.php(50): require_once('C:\\Users\\isabe\\...')
#12 C:\Users\isabe\Local Sites\plantykadence\app\public\wp-blog-header.php(13): require_once('C:\\Users\\isabe\\...')
#13 C:\Users\isabe\Local Sites\plantykadence\app\public\index.php(17): require('C:\\Users\\isabe\\...')
#14 {main}
  thrown in C:\Users\isabe\Local Sites\plantykadence\app\public\wp-content\plugins\header-footer-elementor\inc\class-header-footer-elementor.php on line 385
[22-Mar-2024 10:53:34 UTC] PHP Parse error:  Unclosed '{' on line 24 in C:\Users\isabe\Local Sites\plantykadence\app\public\wp-content\themes\plantykadence\functions.php on line 28
[22-Mar-2024 10:53:46 UTC] PHP Parse error:  Unclosed '{' on line 24 in C:\Users\isabe\Local Sites\plantykadence\app\public\wp-content\themes\plantykadence\functions.php on line 28
[22-Mar-2024 10:53:53 UTC] PHP Fatal error:  Uncaught ArgumentCountError: Too few arguments to function add_filter(), 1 passed in C:\Users\isabe\Local Sites\plantykadence\app\public\wp-content\themes\plantykadence\functions.php on line 13 and at least 2 expected in C:\Users\isabe\Local Sites\plantykadence\app\public\wp-includes\plugin.php:121
Stack trace:
#0 C:\Users\isabe\Local Sites\plantykadence\app\public\wp-content\themes\plantykadence\functions.php(13): add_filter('wp_nav_menu_ite...')
#1 C:\Users\isabe\Local Sites\plantykadence\app\public\wp-settings.php(611): include('C:\\Users\\isabe\\...')
#2 C:\Users\isabe\Local Sites\plantykadence\app\public\wp-config.php(103): require_once('C:\\Users\\isabe\\...')
#3 C:\Users\isabe\Local Sites\plantykadence\app\public\wp-load.php(50): require_once('C:\\Users\\isabe\\...')
#4 C:\Users\isabe\Local Sites\plantykadence\app\public\wp-blog-header.php(13): require_once('C:\\Users\\isabe\\...')
#5 C:\Users\isabe\Local Sites\plantykadence\app\public\index.php(17): require('C:\\Users\\isabe\\...')
#6 {main}
  thrown in C:\Users\isabe\Local Sites\plantykadence\app\public\wp-includes\plugin.php on line 121
[22-Mar-2024 10:54:16 UTC] PHP Fatal error:  Uncaught ArgumentCountError: Too few arguments to function add_filter(), 1 passed in C:\Users\isabe\Local Sites\plantykadence\app\public\wp-content\themes\plantykadence\functions.php on line 13 and at least 2 expected in C:\Users\isabe\Local Sites\plantykadence\app\public\wp-includes\plugin.php:121
Stack trace:
#0 C:\Users\isabe\Local Sites\plantykadence\app\public\wp-content\themes\plantykadence\functions.php(13): add_filter('wp_nav_menu_ite...')
#1 C:\Users\isabe\Local Sites\plantykadence\app\public\wp-settings.php(611): include('C:\\Users\\isabe\\...')
#2 C:\Users\isabe\Local Sites\plantykadence\app\public\wp-config.php(103): require_once('C:\\Users\\isabe\\...')
#3 C:\Users\isabe\Local Sites\plantykadence\app\public\wp-load.php(50): require_once('C:\\Users\\isabe\\...')
#4 C:\Users\isabe\Local Sites\plantykadence\app\public\wp-blog-header.php(13): require_once('C:\\Users\\isabe\\...')
#5 C:\Users\isabe\Local Sites\plantykadence\app\public\index.php(17): require('C:\\Users\\isabe\\...')
#6 {main}
  thrown in C:\Users\isabe\Local Sites\plantykadence\app\public\wp-includes\plugin.php on line 121
[22-Mar-2024 10:54:32 UTC] PHP Fatal error:  Uncaught ArgumentCountError: Too few arguments to function add_filter(), 1 passed in C:\Users\isabe\Local Sites\plantykadence\app\public\wp-content\themes\plantykadence\functions.php on line 13 and at least 2 expected in C:\Users\isabe\Local Sites\plantykadence\app\public\wp-includes\plugin.php:121
Stack trace:
#0 C:\Users\isabe\Local Sites\plantykadence\app\public\wp-content\themes\plantykadence\functions.php(13): add_filter('wp_nav_menu_ite...')
#1 C:\Users\isabe\Local Sites\plantykadence\app\public\wp-settings.php(611): include('C:\\Users\\isabe\\...')
#2 C:\Users\isabe\Local Sites\plantykadence\app\public\wp-config.php(103): require_once('C:\\Users\\isabe\\...')
#3 C:\Users\isabe\Local Sites\plantykadence\app\public\wp-load.php(50): require_once('C:\\Users\\isabe\\...')
#4 C:\Users\isabe\Local Sites\plantykadence\app\public\wp-admin\admin-ajax.php(22): require_once('C:\\Users\\isabe\\...')
#5 {main}
  thrown in C:\Users\isabe\Local Sites\plantykadence\app\public\wp-includes\plugin.php on line 121
[22-Mar-2024 10:54:46 UTC] PHP Fatal error:  Uncaught ArgumentCountError: Too few arguments to function add_filter(), 1 passed in C:\Users\isabe\Local Sites\plantykadence\app\public\wp-content\themes\plantykadence\functions.php on line 13 and at least 2 expected in C:\Users\isabe\Local Sites\plantykadence\app\public\wp-includes\plugin.php:121
Stack trace:
#0 C:\Users\isabe\Local Sites\plantykadence\app\public\wp-content\themes\plantykadence\functions.php(13): add_filter('wp_nav_menu_ite...')
#1 C:\Users\isabe\Local Sites\plantykadence\app\public\wp-settings.php(611): include('C:\\Users\\isabe\\...')
#2 C:\Users\isabe\Local Sites\plantykadence\app\public\wp-config.php(103): require_once('C:\\Users\\isabe\\...')
#3 C:\Users\isabe\Local Sites\plantykadence\app\public\wp-load.php(50): require_once('C:\\Users\\isabe\\...')
#4 C:\Users\isabe\Local Sites\plantykadence\app\public\wp-admin\admin-ajax.php(22): require_once('C:\\Users\\isabe\\...')
#5 {main}
  thrown in C:\Users\isabe\Local Sites\plantykadence\app\public\wp-includes\plugin.php on line 121
[22-Mar-2024 10:55:11 UTC] PHP Fatal error:  Uncaught ArgumentCountError: Too few arguments to function add_filter(), 1 passed in C:\Users\isabe\Local Sites\plantykadence\app\public\wp-content\themes\plantykadence\functions.php on line 13 and at least 2 expected in C:\Users\isabe\Local Sites\plantykadence\app\public\wp-includes\plugin.php:121
Stack trace:
#0 C:\Users\isabe\Local Sites\plantykadence\app\public\wp-content\themes\plantykadence\functions.php(13): add_filter('wp_nav_menu_ite...')
#1 C:\Users\isabe\Local Sites\plantykadence\app\public\wp-settings.php(611): include('C:\\Users\\isabe\\...')
#2 C:\Users\isabe\Local Sites\plantykadence\app\public\wp-config.php(103): require_once('C:\\Users\\isabe\\...')
#3 C:\Users\isabe\Local Sites\plantykadence\app\public\wp-load.php(50): require_once('C:\\Users\\isabe\\...')
#4 C:\Users\isabe\Local Sites\plantykadence\app\public\wp-blog-header.php(13): require_once('C:\\Users\\isabe\\...')
#5 C:\Users\isabe\Local Sites\plantykadence\app\public\index.php(17): require('C:\\Users\\isabe\\...')
#6 {main}
  thrown in C:\Users\isabe\Local Sites\plantykadence\app\public\wp-includes\plugin.php on line 121
[22-Mar-2024 10:55:32 UTC] PHP Fatal error:  Uncaught ArgumentCountError: Too few arguments to function add_filter(), 1 passed in C:\Users\isabe\Local Sites\plantykadence\app\public\wp-content\themes\plantykadence\functions.php on line 13 and at least 2 expected in C:\Users\isabe\Local Sites\plantykadence\app\public\wp-includes\plugin.php:121
Stack trace:
#0 C:\Users\isabe\Local Sites\plantykadence\app\public\wp-content\themes\plantykadence\functions.php(13): add_filter('wp_nav_menu_ite...')
#1 C:\Users\isabe\Local Sites\plantykadence\app\public\wp-settings.php(611): include('C:\\Users\\isabe\\...')
#2 C:\Users\isabe\Local Sites\plantykadence\app\public\wp-config.php(103): require_once('C:\\Users\\isabe\\...')
#3 C:\Users\isabe\Local Sites\plantykadence\app\public\wp-load.php(50): require_once('C:\\Users\\isabe\\...')
#4 C:\Users\isabe\Local Sites\plantykadence\app\public\wp-admin\admin-ajax.php(22): require_once('C:\\Users\\isabe\\...')
#5 {main}
  thrown in C:\Users\isabe\Local Sites\plantykadence\app\public\wp-includes\plugin.php on line 121
[22-Mar-2024 10:56:46 UTC] PHP Fatal error:  Uncaught ArgumentCountError: Too few arguments to function add_filter(), 1 passed in C:\Users\isabe\Local Sites\plantykadence\app\public\wp-content\themes\plantykadence\functions.php on line 13 and at least 2 expected in C:\Users\isabe\Local Sites\plantykadence\app\public\wp-includes\plugin.php:121
Stack trace:
#0 C:\Users\isabe\Local Sites\plantykadence\app\public\wp-content\themes\plantykadence\functions.php(13): add_filter('wp_nav_menu_ite...')
#1 C:\Users\isabe\Local Sites\plantykadence\app\public\wp-settings.php(611): include('C:\\Users\\isabe\\...')
#2 C:\Users\isabe\Local Sites\plantykadence\app\public\wp-config.php(103): require_once('C:\\Users\\isabe\\...')
#3 C:\Users\isabe\Local Sites\plantykadence\app\public\wp-load.php(50): require_once('C:\\Users\\isabe\\...')
#4 C:\Users\isabe\Local Sites\plantykadence\app\public\wp-admin\admin-ajax.php(22): require_once('C:\\Users\\isabe\\...')
#5 {main}
  thrown in C:\Users\isabe\Local Sites\plantykadence\app\public\wp-includes\plugin.php on line 121
[22-Mar-2024 11:16:23 UTC] PHP Warning:  Undefined variable $items in C:\Users\isabe\Local Sites\plantykadence\app\public\wp-content\themes\plantykadence\functions.php on line 17
[22-Mar-2024 11:16:23 UTC] PHP Warning:  Undefined variable $items in C:\Users\isabe\Local Sites\plantykadence\app\public\wp-content\themes\plantykadence\functions.php on line 17
[22-Mar-2024 11:16:24 UTC] PHP Warning:  Undefined variable $items in C:\Users\isabe\Local Sites\plantykadence\app\public\wp-content\themes\plantykadence\functions.php on line 17
[22-Mar-2024 11:16:24 UTC] PHP Warning:  Undefined variable $items in C:\Users\isabe\Local Sites\plantykadence\app\public\wp-content\themes\plantykadence\functions.php on line 17
[22-Mar-2024 11:16:24 UTC] PHP Warning:  Undefined variable $items in C:\Users\isabe\Local Sites\plantykadence\app\public\wp-content\themes\plantykadence\functions.php on line 17
[22-Mar-2024 11:16:24 UTC] PHP Warning:  Undefined variable $items in C:\Users\isabe\Local Sites\plantykadence\app\public\wp-content\themes\plantykadence\functions.php on line 17
[22-Mar-2024 11:16:25 UTC] PHP Warning:  Undefined variable $items in C:\Users\isabe\Local Sites\plantykadence\app\public\wp-content\themes\plantykadence\functions.php on line 17
[22-Mar-2024 11:18:34 UTC] PHP Warning:  Undefined variable $items in C:\Users\isabe\Local Sites\plantykadence\app\public\wp-content\themes\plantykadence\functions.php on line 19
[22-Mar-2024 11:18:35 UTC] PHP Warning:  Undefined variable $items in C:\Users\isabe\Local Sites\plantykadence\app\public\wp-content\themes\plantykadence\functions.php on line 19
[22-Mar-2024 11:18:35 UTC] PHP Warning:  Undefined variable $items in C:\Users\isabe\Local Sites\plantykadence\app\public\wp-content\themes\plantykadence\functions.php on line 19
[22-Mar-2024 11:18:35 UTC] PHP Warning:  Undefined variable $items in C:\Users\isabe\Local Sites\plantykadence\app\public\wp-content\themes\plantykadence\functions.php on line 19
[22-Mar-2024 11:18:36 UTC] PHP Warning:  Undefined variable $items in C:\Users\isabe\Local Sites\plantykadence\app\public\wp-content\themes\plantykadence\functions.php on line 19
[22-Mar-2024 11:18:36 UTC] PHP Warning:  Undefined variable $items in C:\Users\isabe\Local Sites\plantykadence\app\public\wp-content\themes\plantykadence\functions.php on line 19
[22-Mar-2024 11:18:36 UTC] PHP Warning:  Undefined variable $items in C:\Users\isabe\Local Sites\plantykadence\app\public\wp-content\themes\plantykadence\functions.php on line 19
[22-Mar-2024 11:22:45 UTC] PHP Warning:  Undefined variable $items in C:\Users\isabe\Local Sites\plantykadence\app\public\wp-content\themes\plantykadence\functions.php on line 17
[22-Mar-2024 11:22:45 UTC] PHP Warning:  Undefined variable $items in C:\Users\isabe\Local Sites\plantykadence\app\public\wp-content\themes\plantykadence\functions.php on line 17
[22-Mar-2024 11:22:46 UTC] PHP Fatal error:  Uncaught TypeError: call_user_func_array(): Argument #1 ($callback) must be a valid callback, function "add_amin_link_to_menu" not found or invalid function name in C:\Users\isabe\Local Sites\plantykadence\app\public\wp-includes\class-wp-hook.php:324
Stack trace:
#0 C:\Users\isabe\Local Sites\plantykadence\app\public\wp-includes\plugin.php(205): WP_Hook->apply_filters('<li id="menu-it...', Array)
#1 C:\Users\isabe\Local Sites\plantykadence\app\public\wp-includes\nav-menu-template.php(267): apply_filters('wp_nav_menu_ite...', '<li id="menu-it...', Object(stdClass))
#2 C:\Users\isabe\Local Sites\plantykadence\app\public\wp-content\plugins\header-footer-elementor\inc\widgets-manager\widgets\class-navigation-menu.php(2030): wp_nav_menu(Object(stdClass))
#3 C:\Users\isabe\Local Sites\plantykadence\app\public\wp-content\plugins\elementor\includes\base\controls-stack.php(2297): HFE\WidgetsManager\Widgets\Navigation_Menu->render()
#4 C:\Users\isabe\Local Sites\plantykadence\app\public\wp-content\plugins\elementor\includes\base\widget-base.php(614): Elementor\Controls_Stack->render_by_mode()
#5 C:\Users\isabe\Local Sites\plantykadence\app\public\wp-content\plugins\elementor\includes\base\widget-base.php(755): Elementor\Widget_Base->render_content()
#6 C:\Users\isabe\Local Sites\plantykadence\app\public\wp-content\plugins\elementor\includes\base\element-base.php(464): Elementor\Widget_Base->print_content()
#7 C:\Users\isabe\Local Sites\plantykadence\app\public\wp-content\plugins\elementor\includes\base\element-base.php(1372): Elementor\Element_Base->print_element()
#8 C:\Users\isabe\Local Sites\plantykadence\app\public\wp-content\plugins\elementor\includes\base\element-base.php(464): Elementor\Element_Base->print_content()
#9 C:\Users\isabe\Local Sites\plantykadence\app\public\wp-content\plugins\elementor\includes\base\element-base.php(1372): Elementor\Element_Base->print_element()
#10 C:\Users\isabe\Local Sites\plantykadence\app\public\wp-content\plugins\elementor\includes\base\element-base.php(464): Elementor\Element_Base->print_content()
#11 C:\Users\isabe\Local Sites\plantykadence\app\public\wp-content\plugins\elementor\core\base\document.php(1775): Elementor\Element_Base->print_element()
#12 C:\Users\isabe\Local Sites\plantykadence\app\public\wp-content\plugins\elementor\core\base\document.php(1174): Elementor\Core\Base\Document->print_elements(Array)
#13 C:\Users\isabe\Local Sites\plantykadence\app\public\wp-content\plugins\elementor\includes\frontend.php(1165): Elementor\Core\Base\Document->print_elements_with_wrapper(Array)
#14 C:\Users\isabe\Local Sites\plantykadence\app\public\wp-content\plugins\elementor\includes\frontend.php(1233): Elementor\Frontend->get_builder_content('28', false)
#15 C:\Users\isabe\Local Sites\plantykadence\app\public\wp-content\plugins\header-footer-elementor\inc\class-header-footer-elementor.php(510): Elementor\Frontend->get_builder_content_for_display('28')
#16 C:\Users\isabe\Local Sites\plantykadence\app\public\wp-content\plugins\header-footer-elementor\inc\hfe-functions.php(88): Header_Footer_Elementor::get_header_content()
#17 C:\Users\isabe\Local Sites\plantykadence\app\public\wp-includes\class-wp-hook.php(324): hfe_render_header('')
#18 C:\Users\isabe\Local Sites\plantykadence\app\public\wp-includes\class-wp-hook.php(348): WP_Hook->apply_filters('', Array)
#19 C:\Users\isabe\Local Sites\plantykadence\app\public\wp-includes\plugin.php(517): WP_Hook->do_action(Array)
#20 C:\Users\isabe\Local Sites\plantykadence\app\public\wp-content\themes\kadence\header.php(49): do_action('kadence_header')
#21 C:\Users\isabe\Local Sites\plantykadence\app\public\wp-includes\template.php(790): require_once('C:\\Users\\isabe\\...')
#22 C:\Users\isabe\Local Sites\plantykadence\app\public\wp-includes\template.php(725): load_template('C:\\Users\\isabe\\...', true, Array)
#23 C:\Users\isabe\Local Sites\plantykadence\app\public\wp-includes\general-template.php(48): locate_template(Array, true, true, Array)
#24 C:\Users\isabe\Local Sites\plantykadence\app\public\wp-content\themes\kadence\page.php(14): get_header()
#25 C:\Users\isabe\Local Sites\plantykadence\app\public\wp-includes\template-loader.php(106): include('C:\\Users\\isabe\\...')
#26 C:\Users\isabe\Local Sites\plantykadence\app\public\wp-blog-header.php(19): require_once('C:\\Users\\isabe\\...')
#27 C:\Users\isabe\Local Sites\plantykadence\app\public\index.php(17): require('C:\\Users\\isabe\\...')
#28 {main}
  thrown in C:\Users\isabe\Local Sites\plantykadence\app\public\wp-includes\class-wp-hook.php on line 324
[22-Mar-2024 11:23:07 UTC] PHP Warning:  Undefined variable $items in C:\Users\isabe\Local Sites\plantykadence\app\public\wp-content\themes\plantykadence\functions.php on line 16
[22-Mar-2024 11:23:08 UTC] PHP Warning:  Undefined variable $items in C:\Users\isabe\Local Sites\plantykadence\app\public\wp-content\themes\plantykadence\functions.php on line 16
[22-Mar-2024 11:23:08 UTC] PHP Warning:  Undefined variable $items in C:\Users\isabe\Local Sites\plantykadence\app\public\wp-content\themes\plantykadence\functions.php on line 16
[22-Mar-2024 11:23:08 UTC] PHP Warning:  Undefined variable $items in C:\Users\isabe\Local Sites\plantykadence\app\public\wp-content\themes\plantykadence\functions.php on line 16
[22-Mar-2024 11:23:08 UTC] PHP Warning:  Undefined variable $items in C:\Users\isabe\Local Sites\plantykadence\app\public\wp-content\themes\plantykadence\functions.php on line 16
[22-Mar-2024 11:23:09 UTC] PHP Warning:  Undefined variable $items in C:\Users\isabe\Local Sites\plantykadence\app\public\wp-content\themes\plantykadence\functions.php on line 16
[22-Mar-2024 11:23:43 UTC] PHP Warning:  Undefined variable $items in C:\Users\isabe\Local Sites\plantykadence\app\public\wp-content\themes\plantykadence\functions.php on line 16
[22-Mar-2024 11:23:43 UTC] PHP Warning:  Undefined variable $items in C:\Users\isabe\Local Sites\plantykadence\app\public\wp-content\themes\plantykadence\functions.php on line 16
[22-Mar-2024 11:23:44 UTC] PHP Warning:  Undefined variable $items in C:\Users\isabe\Local Sites\plantykadence\app\public\wp-content\themes\plantykadence\functions.php on line 16
[22-Mar-2024 11:23:44 UTC] PHP Warning:  Undefined variable $items in C:\Users\isabe\Local Sites\plantykadence\app\public\wp-content\themes\plantykadence\functions.php on line 16
[22-Mar-2024 11:23:44 UTC] PHP Warning:  Undefined variable $items in C:\Users\isabe\Local Sites\plantykadence\app\public\wp-content\themes\plantykadence\functions.php on line 16
[22-Mar-2024 11:23:44 UTC] PHP Warning:  Undefined variable $items in C:\Users\isabe\Local Sites\plantykadence\app\public\wp-content\themes\plantykadence\functions.php on line 16
[22-Mar-2024 11:23:45 UTC] PHP Warning:  Undefined variable $items in C:\Users\isabe\Local Sites\plantykadence\app\public\wp-content\themes\plantykadence\functions.php on line 16
[22-Mar-2024 11:25:12 UTC] PHP Warning:  Undefined variable $items in C:\Users\isabe\Local Sites\plantykadence\app\public\wp-content\themes\plantykadence\functions.php on line 16
[22-Mar-2024 11:25:12 UTC] PHP Warning:  Undefined variable $items in C:\Users\isabe\Local Sites\plantykadence\app\public\wp-content\themes\plantykadence\functions.php on line 16
[22-Mar-2024 11:25:13 UTC] PHP Warning:  Undefined variable $items in C:\Users\isabe\Local Sites\plantykadence\app\public\wp-content\themes\plantykadence\functions.php on line 16
[22-Mar-2024 11:25:13 UTC] PHP Warning:  Undefined variable $items in C:\Users\isabe\Local Sites\plantykadence\app\public\wp-content\themes\plantykadence\functions.php on line 16
[22-Mar-2024 11:25:13 UTC] PHP Warning:  Undefined variable $items in C:\Users\isabe\Local Sites\plantykadence\app\public\wp-content\themes\plantykadence\functions.php on line 16
[22-Mar-2024 11:25:13 UTC] PHP Warning:  Undefined variable $items in C:\Users\isabe\Local Sites\plantykadence\app\public\wp-content\themes\plantykadence\functions.php on line 16
[22-Mar-2024 11:25:17 UTC] PHP Warning:  Undefined variable $items in C:\Users\isabe\Local Sites\plantykadence\app\public\wp-content\themes\plantykadence\functions.php on line 16
[22-Mar-2024 11:25:19 UTC] PHP Warning:  Undefined variable $items in C:\Users\isabe\Local Sites\plantykadence\app\public\wp-content\themes\plantykadence\functions.php on line 16
[22-Mar-2024 11:26:17 UTC] PHP Warning:  Undefined variable $items in C:\Users\isabe\Local Sites\plantykadence\app\public\wp-content\themes\plantykadence\functions.php on line 16
[22-Mar-2024 11:26:19 UTC] PHP Warning:  Undefined variable $items in C:\Users\isabe\Local Sites\plantykadence\app\public\wp-content\themes\plantykadence\functions.php on line 16
[22-Mar-2024 11:26:20 UTC] PHP Warning:  Undefined variable $items in C:\Users\isabe\Local Sites\plantykadence\app\public\wp-content\themes\plantykadence\functions.php on line 16
[22-Mar-2024 11:28:17 UTC] PHP Warning:  Undefined variable $items in C:\Users\isabe\Local Sites\plantykadence\app\public\wp-content\themes\plantykadence\functions.php on line 16
[22-Mar-2024 11:28:19 UTC] PHP Warning:  Undefined variable $items in C:\Users\isabe\Local Sites\plantykadence\app\public\wp-content\themes\plantykadence\functions.php on line 16
[22-Mar-2024 11:28:20 UTC] PHP Warning:  Undefined variable $items in C:\Users\isabe\Local Sites\plantykadence\app\public\wp-content\themes\plantykadence\functions.php on line 16
[22-Mar-2024 11:29:19 UTC] PHP Warning:  Undefined variable $items in C:\Users\isabe\Local Sites\plantykadence\app\public\wp-content\themes\plantykadence\functions.php on line 18
[22-Mar-2024 11:29:20 UTC] PHP Warning:  Undefined variable $items in C:\Users\isabe\Local Sites\plantykadence\app\public\wp-content\themes\plantykadence\functions.php on line 18
[22-Mar-2024 11:29:24 UTC] PHP Warning:  Undefined variable $items in C:\Users\isabe\Local Sites\plantykadence\app\public\wp-content\themes\plantykadence\functions.php on line 18
[22-Mar-2024 11:29:25 UTC] PHP Warning:  Undefined variable $items in C:\Users\isabe\Local Sites\plantykadence\app\public\wp-content\themes\plantykadence\functions.php on line 18
[22-Mar-2024 11:29:25 UTC] PHP Warning:  Undefined variable $items in C:\Users\isabe\Local Sites\plantykadence\app\public\wp-content\themes\plantykadence\functions.php on line 18
[22-Mar-2024 11:29:25 UTC] PHP Warning:  Undefined variable $items in C:\Users\isabe\Local Sites\plantykadence\app\public\wp-content\themes\plantykadence\functions.php on line 18
[22-Mar-2024 11:29:25 UTC] PHP Warning:  Undefined variable $items in C:\Users\isabe\Local Sites\plantykadence\app\public\wp-content\themes\plantykadence\functions.php on line 18
[22-Mar-2024 11:29:26 UTC] PHP Warning:  Undefined variable $items in C:\Users\isabe\Local Sites\plantykadence\app\public\wp-content\themes\plantykadence\functions.php on line 18
[22-Mar-2024 11:30:17 UTC] PHP Warning:  Undefined variable $items in C:\Users\isabe\Local Sites\plantykadence\app\public\wp-content\themes\plantykadence\functions.php on line 18
[22-Mar-2024 11:30:19 UTC] PHP Warning:  Undefined variable $items in C:\Users\isabe\Local Sites\plantykadence\app\public\wp-content\themes\plantykadence\functions.php on line 18
[22-Mar-2024 11:30:20 UTC] PHP Warning:  Undefined variable $items in C:\Users\isabe\Local Sites\plantykadence\app\public\wp-content\themes\plantykadence\functions.php on line 18
[22-Mar-2024 11:32:17 UTC] PHP Warning:  Undefined variable $items in C:\Users\isabe\Local Sites\plantykadence\app\public\wp-content\themes\plantykadence\functions.php on line 18
[22-Mar-2024 11:32:19 UTC] PHP Warning:  Undefined variable $items in C:\Users\isabe\Local Sites\plantykadence\app\public\wp-content\themes\plantykadence\functions.php on line 18
[22-Mar-2024 11:32:20 UTC] PHP Warning:  Undefined variable $items in C:\Users\isabe\Local Sites\plantykadence\app\public\wp-content\themes\plantykadence\functions.php on line 18
[22-Mar-2024 11:34:17 UTC] PHP Warning:  Undefined variable $items in C:\Users\isabe\Local Sites\plantykadence\app\public\wp-content\themes\plantykadence\functions.php on line 18
[22-Mar-2024 11:34:19 UTC] PHP Warning:  Undefined variable $items in C:\Users\isabe\Local Sites\plantykadence\app\public\wp-content\themes\plantykadence\functions.php on line 18
[22-Mar-2024 11:34:20 UTC] PHP Warning:  Undefined variable $items in C:\Users\isabe\Local Sites\plantykadence\app\public\wp-content\themes\plantykadence\functions.php on line 18
[22-Mar-2024 11:36:19 UTC] PHP Warning:  Undefined variable $items in C:\Users\isabe\Local Sites\plantykadence\app\public\wp-content\themes\plantykadence\functions.php on line 18
[22-Mar-2024 11:36:20 UTC] PHP Warning:  Undefined variable $items in C:\Users\isabe\Local Sites\plantykadence\app\public\wp-content\themes\plantykadence\functions.php on line 18
[22-Mar-2024 11:36:47 UTC] PHP Warning:  Undefined variable $items in C:\Users\isabe\Local Sites\plantykadence\app\public\wp-content\themes\plantykadence\functions.php on line 18
[22-Mar-2024 11:36:47 UTC] PHP Warning:  Undefined variable $items in C:\Users\isabe\Local Sites\plantykadence\app\public\wp-content\themes\plantykadence\functions.php on line 18
[22-Mar-2024 11:36:57 UTC] PHP Warning:  Undefined variable $items in C:\Users\isabe\Local Sites\plantykadence\app\public\wp-content\themes\plantykadence\functions.php on line 18
[22-Mar-2024 11:37:15 UTC] PHP Warning:  Undefined variable $items in C:\Users\isabe\Local Sites\plantykadence\app\public\wp-content\themes\plantykadence\functions.php on line 18
[22-Mar-2024 11:37:19 UTC] PHP Warning:  Undefined variable $items in C:\Users\isabe\Local Sites\plantykadence\app\public\wp-content\themes\plantykadence\functions.php on line 18
[22-Mar-2024 11:37:20 UTC] PHP Warning:  Undefined variable $items in C:\Users\isabe\Local Sites\plantykadence\app\public\wp-content\themes\plantykadence\functions.php on line 18
[22-Mar-2024 11:37:20 UTC] PHP Warning:  Undefined variable $items in C:\Users\isabe\Local Sites\plantykadence\app\public\wp-content\themes\plantykadence\functions.php on line 18
[22-Mar-2024 11:37:20 UTC] PHP Warning:  Undefined variable $items in C:\Users\isabe\Local Sites\plantykadence\app\public\wp-content\themes\plantykadence\functions.php on line 18
[22-Mar-2024 11:37:20 UTC] PHP Warning:  Undefined variable $items in C:\Users\isabe\Local Sites\plantykadence\app\public\wp-content\themes\plantykadence\functions.php on line 18
[22-Mar-2024 11:37:21 UTC] PHP Warning:  Undefined variable $items in C:\Users\isabe\Local Sites\plantykadence\app\public\wp-content\themes\plantykadence\functions.php on line 18
[22-Mar-2024 11:37:22 UTC] PHP Warning:  Undefined variable $items in C:\Users\isabe\Local Sites\plantykadence\app\public\wp-content\themes\plantykadence\functions.php on line 18
[22-Mar-2024 11:37:23 UTC] PHP Warning:  Undefined variable $items in C:\Users\isabe\Local Sites\plantykadence\app\public\wp-content\themes\plantykadence\functions.php on line 18
[22-Mar-2024 11:37:24 UTC] PHP Warning:  Undefined variable $items in C:\Users\isabe\Local Sites\plantykadence\app\public\wp-content\themes\plantykadence\functions.php on line 18
[22-Mar-2024 11:37:24 UTC] PHP Warning:  Undefined variable $items in C:\Users\isabe\Local Sites\plantykadence\app\public\wp-content\themes\plantykadence\functions.php on line 18
[22-Mar-2024 11:37:24 UTC] PHP Warning:  Undefined variable $items in C:\Users\isabe\Local Sites\plantykadence\app\public\wp-content\themes\plantykadence\functions.php on line 18
[22-Mar-2024 11:37:24 UTC] PHP Warning:  Undefined variable $items in C:\Users\isabe\Local Sites\plantykadence\app\public\wp-content\themes\plantykadence\functions.php on line 18
[22-Mar-2024 11:37:25 UTC] PHP Warning:  Undefined variable $items in C:\Users\isabe\Local Sites\plantykadence\app\public\wp-content\themes\plantykadence\functions.php on line 18
[22-Mar-2024 11:37:26 UTC] PHP Warning:  Undefined variable $items in C:\Users\isabe\Local Sites\plantykadence\app\public\wp-content\themes\plantykadence\functions.php on line 18
[22-Mar-2024 11:38:05 UTC] PHP Warning:  Undefined variable $items in C:\Users\isabe\Local Sites\plantykadence\app\public\wp-content\themes\plantykadence\functions.php on line 18
[22-Mar-2024 11:38:05 UTC] PHP Warning:  Undefined variable $items in C:\Users\isabe\Local Sites\plantykadence\app\public\wp-content\themes\plantykadence\functions.php on line 18
[22-Mar-2024 11:38:06 UTC] PHP Warning:  Undefined variable $items in C:\Users\isabe\Local Sites\plantykadence\app\public\wp-content\themes\plantykadence\functions.php on line 18
[22-Mar-2024 11:38:06 UTC] PHP Warning:  Undefined variable $items in C:\Users\isabe\Local Sites\plantykadence\app\public\wp-content\themes\plantykadence\functions.php on line 18
[22-Mar-2024 11:38:06 UTC] PHP Warning:  Undefined variable $items in C:\Users\isabe\Local Sites\plantykadence\app\public\wp-content\themes\plantykadence\functions.php on line 18
[22-Mar-2024 11:38:06 UTC] PHP Warning:  Undefined variable $items in C:\Users\isabe\Local Sites\plantykadence\app\public\wp-content\themes\plantykadence\functions.php on line 18
[22-Mar-2024 11:38:07 UTC] PHP Warning:  Undefined variable $items in C:\Users\isabe\Local Sites\plantykadence\app\public\wp-content\themes\plantykadence\functions.php on line 18
[22-Mar-2024 11:38:15 UTC] PHP Warning:  Undefined variable $items in C:\Users\isabe\Local Sites\plantykadence\app\public\wp-content\themes\plantykadence\functions.php on line 18
[22-Mar-2024 11:38:17 UTC] PHP Warning:  Undefined variable $items in C:\Users\isabe\Local Sites\plantykadence\app\public\wp-content\themes\plantykadence\functions.php on line 18
[22-Mar-2024 11:38:26 UTC] PHP Warning:  Undefined variable $items in C:\Users\isabe\Local Sites\plantykadence\app\public\wp-content\themes\plantykadence\functions.php on line 18
[22-Mar-2024 11:39:10 UTC] PHP Warning:  Undefined variable $items in C:\Users\isabe\Local Sites\plantykadence\app\public\wp-content\themes\plantykadence\functions.php on line 18
[22-Mar-2024 11:39:11 UTC] PHP Warning:  Undefined variable $items in C:\Users\isabe\Local Sites\plantykadence\app\public\wp-content\themes\plantykadence\functions.php on line 18
[22-Mar-2024 11:40:17 UTC] PHP Warning:  Undefined variable $items in C:\Users\isabe\Local Sites\plantykadence\app\public\wp-content\themes\plantykadence\functions.php on line 18
[22-Mar-2024 11:40:17 UTC] PHP Warning:  Undefined variable $items in C:\Users\isabe\Local Sites\plantykadence\app\public\wp-content\themes\plantykadence\functions.php on line 18
[22-Mar-2024 11:40:26 UTC] PHP Warning:  Undefined variable $items in C:\Users\isabe\Local Sites\plantykadence\app\public\wp-content\themes\plantykadence\functions.php on line 18
[22-Mar-2024 11:41:52 UTC] PHP Parse error:  syntax error, unexpected token ";" in C:\Users\isabe\Local Sites\plantykadence\app\public\wp-content\themes\plantykadence\functions.php on line 15
[22-Mar-2024 11:42:14 UTC] PHP Warning:  Undefined variable $items in C:\Users\isabe\Local Sites\plantykadence\app\public\wp-content\themes\plantykadence\functions.php on line 18
[22-Mar-2024 11:42:14 UTC] PHP Warning:  Undefined variable $items in C:\Users\isabe\Local Sites\plantykadence\app\public\wp-content\themes\plantykadence\functions.php on line 18
[22-Mar-2024 11:42:17 UTC] PHP Warning:  Undefined variable $items in C:\Users\isabe\Local Sites\plantykadence\app\public\wp-content\themes\plantykadence\functions.php on line 18
[22-Mar-2024 11:42:26 UTC] PHP Warning:  Undefined variable $items in C:\Users\isabe\Local Sites\plantykadence\app\public\wp-content\themes\plantykadence\functions.php on line 18
[22-Mar-2024 11:42:57 UTC] PHP Warning:  Undefined variable $items in C:\Users\isabe\Local Sites\plantykadence\app\public\wp-content\themes\plantykadence\functions.php on line 18
[22-Mar-2024 11:42:57 UTC] PHP Warning:  Undefined variable $items in C:\Users\isabe\Local Sites\plantykadence\app\public\wp-content\themes\plantykadence\functions.php on line 18
[22-Mar-2024 11:44:18 UTC] PHP Warning:  Undefined variable $items in C:\Users\isabe\Local Sites\plantykadence\app\public\wp-content\themes\plantykadence\functions.php on line 18
[22-Mar-2024 11:44:18 UTC] PHP Warning:  Undefined variable $items in C:\Users\isabe\Local Sites\plantykadence\app\public\wp-content\themes\plantykadence\functions.php on line 18
[22-Mar-2024 11:44:27 UTC] PHP Warning:  Undefined variable $items in C:\Users\isabe\Local Sites\plantykadence\app\public\wp-content\themes\plantykadence\functions.php on line 18
[22-Mar-2024 11:44:54 UTC] PHP Parse error:  Unmatched '}' in C:\Users\isabe\Local Sites\plantykadence\app\public\wp-content\themes\plantykadence\functions.php on line 17
[22-Mar-2024 11:45:06 UTC] PHP Warning:  Undefined variable $items in C:\Users\isabe\Local Sites\plantykadence\app\public\wp-content\themes\plantykadence\functions.php on line 18
[22-Mar-2024 11:45:06 UTC] PHP Warning:  Undefined variable $items in C:\Users\isabe\Local Sites\plantykadence\app\public\wp-content\themes\plantykadence\functions.php on line 18
[22-Mar-2024 11:46:18 UTC] PHP Warning:  Undefined variable $items in C:\Users\isabe\Local Sites\plantykadence\app\public\wp-content\themes\plantykadence\functions.php on line 18
[22-Mar-2024 11:46:18 UTC] PHP Warning:  Undefined variable $items in C:\Users\isabe\Local Sites\plantykadence\app\public\wp-content\themes\plantykadence\functions.php on line 18
[22-Mar-2024 11:46:27 UTC] PHP Warning:  Undefined variable $items in C:\Users\isabe\Local Sites\plantykadence\app\public\wp-content\themes\plantykadence\functions.php on line 18
[22-Mar-2024 11:48:18 UTC] PHP Warning:  Undefined variable $items in C:\Users\isabe\Local Sites\plantykadence\app\public\wp-content\themes\plantykadence\functions.php on line 18
[22-Mar-2024 11:48:18 UTC] PHP Warning:  Undefined variable $items in C:\Users\isabe\Local Sites\plantykadence\app\public\wp-content\themes\plantykadence\functions.php on line 18
[22-Mar-2024 11:50:18 UTC] PHP Warning:  Undefined variable $items in C:\Users\isabe\Local Sites\plantykadence\app\public\wp-content\themes\plantykadence\functions.php on line 18
[22-Mar-2024 11:50:18 UTC] PHP Warning:  Undefined variable $items in C:\Users\isabe\Local Sites\plantykadence\app\public\wp-content\themes\plantykadence\functions.php on line 18
[22-Mar-2024 11:52:18 UTC] PHP Warning:  Undefined variable $items in C:\Users\isabe\Local Sites\plantykadence\app\public\wp-content\themes\plantykadence\functions.php on line 18
[22-Mar-2024 11:52:18 UTC] PHP Warning:  Undefined variable $items in C:\Users\isabe\Local Sites\plantykadence\app\public\wp-content\themes\plantykadence\functions.php on line 18
[22-Mar-2024 11:54:18 UTC] PHP Warning:  Undefined variable $items in C:\Users\isabe\Local Sites\plantykadence\app\public\wp-content\themes\plantykadence\functions.php on line 18
[22-Mar-2024 11:54:18 UTC] PHP Warning:  Undefined variable $items in C:\Users\isabe\Local Sites\plantykadence\app\public\wp-content\themes\plantykadence\functions.php on line 18
[22-Mar-2024 11:56:18 UTC] PHP Warning:  Undefined variable $items in C:\Users\isabe\Local Sites\plantykadence\app\public\wp-content\themes\plantykadence\functions.php on line 18
[22-Mar-2024 11:56:18 UTC] PHP Warning:  Undefined variable $items in C:\Users\isabe\Local Sites\plantykadence\app\public\wp-content\themes\plantykadence\functions.php on line 18
[22-Mar-2024 11:58:18 UTC] PHP Warning:  Undefined variable $items in C:\Users\isabe\Local Sites\plantykadence\app\public\wp-content\themes\plantykadence\functions.php on line 18
[22-Mar-2024 11:58:18 UTC] PHP Warning:  Undefined variable $items in C:\Users\isabe\Local Sites\plantykadence\app\public\wp-content\themes\plantykadence\functions.php on line 18
[22-Mar-2024 12:00:18 UTC] PHP Warning:  Undefined variable $items in C:\Users\isabe\Local Sites\plantykadence\app\public\wp-content\themes\plantykadence\functions.php on line 18
[22-Mar-2024 12:00:18 UTC] PHP Warning:  Undefined variable $items in C:\Users\isabe\Local Sites\plantykadence\app\public\wp-content\themes\plantykadence\functions.php on line 18
[22-Mar-2024 12:02:18 UTC] PHP Warning:  Undefined variable $items in C:\Users\isabe\Local Sites\plantykadence\app\public\wp-content\themes\plantykadence\functions.php on line 18
[22-Mar-2024 12:02:18 UTC] PHP Warning:  Undefined variable $items in C:\Users\isabe\Local Sites\plantykadence\app\public\wp-content\themes\plantykadence\functions.php on line 18
[22-Mar-2024 12:04:18 UTC] PHP Warning:  Undefined variable $items in C:\Users\isabe\Local Sites\plantykadence\app\public\wp-content\themes\plantykadence\functions.php on line 18
[22-Mar-2024 12:04:18 UTC] PHP Warning:  Undefined variable $items in C:\Users\isabe\Local Sites\plantykadence\app\public\wp-content\themes\plantykadence\functions.php on line 18
[22-Mar-2024 12:06:18 UTC] PHP Warning:  Undefined variable $items in C:\Users\isabe\Local Sites\plantykadence\app\public\wp-content\themes\plantykadence\functions.php on line 18
[22-Mar-2024 12:06:18 UTC] PHP Warning:  Undefined variable $items in C:\Users\isabe\Local Sites\plantykadence\app\public\wp-content\themes\plantykadence\functions.php on line 18
[22-Mar-2024 12:08:18 UTC] PHP Warning:  Undefined variable $items in C:\Users\isabe\Local Sites\plantykadence\app\public\wp-content\themes\plantykadence\functions.php on line 18
[22-Mar-2024 12:08:18 UTC] PHP Warning:  Undefined variable $items in C:\Users\isabe\Local Sites\plantykadence\app\public\wp-content\themes\plantykadence\functions.php on line 18
[22-Mar-2024 12:25:32 UTC] PHP Warning:  Undefined variable $items in C:\Users\isabe\Local Sites\plantykadence\app\public\wp-content\themes\plantykadence\functions.php on line 18
[22-Mar-2024 12:25:32 UTC] PHP Warning:  Undefined variable $items in C:\Users\isabe\Local Sites\plantykadence\app\public\wp-content\themes\plantykadence\functions.php on line 18
[22-Mar-2024 12:27:20 UTC] PHP Warning:  Undefined variable $items in C:\Users\isabe\Local Sites\plantykadence\app\public\wp-content\themes\plantykadence\functions.php on line 18
[22-Mar-2024 12:27:21 UTC] PHP Warning:  Undefined variable $items in C:\Users\isabe\Local Sites\plantykadence\app\public\wp-content\themes\plantykadence\functions.php on line 18
[22-Mar-2024 12:27:22 UTC] PHP Warning:  Undefined variable $items in C:\Users\isabe\Local Sites\plantykadence\app\public\wp-content\themes\plantykadence\functions.php on line 18
[22-Mar-2024 12:27:22 UTC] PHP Warning:  Undefined variable $items in C:\Users\isabe\Local Sites\plantykadence\app\public\wp-content\themes\plantykadence\functions.php on line 18
[22-Mar-2024 12:27:22 UTC] PHP Warning:  Undefined variable $items in C:\Users\isabe\Local Sites\plantykadence\app\public\wp-content\themes\plantykadence\functions.php on line 18
[22-Mar-2024 12:27:22 UTC] PHP Warning:  Undefined variable $items in C:\Users\isabe\Local Sites\plantykadence\app\public\wp-content\themes\plantykadence\functions.php on line 18
[22-Mar-2024 12:27:23 UTC] PHP Warning:  Undefined variable $items in C:\Users\isabe\Local Sites\plantykadence\app\public\wp-content\themes\plantykadence\functions.php on line 18
[22-Mar-2024 12:27:32 UTC] PHP Warning:  Undefined variable $items in C:\Users\isabe\Local Sites\plantykadence\app\public\wp-content\themes\plantykadence\functions.php on line 18
[22-Mar-2024 12:27:37 UTC] PHP Warning:  Undefined variable $items in C:\Users\isabe\Local Sites\plantykadence\app\public\wp-content\themes\plantykadence\functions.php on line 18
[22-Mar-2024 12:27:41 UTC] PHP Warning:  Undefined variable $items in C:\Users\isabe\Local Sites\plantykadence\app\public\wp-content\themes\plantykadence\functions.php on line 18
[22-Mar-2024 12:27:44 UTC] PHP Warning:  Undefined variable $items in C:\Users\isabe\Local Sites\plantykadence\app\public\wp-content\themes\plantykadence\functions.php on line 18
[22-Mar-2024 12:27:45 UTC] PHP Warning:  Undefined variable $items in C:\Users\isabe\Local Sites\plantykadence\app\public\wp-content\themes\plantykadence\functions.php on line 18
[22-Mar-2024 12:28:37 UTC] PHP Warning:  Undefined variable $items in C:\Users\isabe\Local Sites\plantykadence\app\public\wp-content\themes\plantykadence\functions.php on line 18
[22-Mar-2024 12:28:46 UTC] PHP Warning:  Undefined variable $items in C:\Users\isabe\Local Sites\plantykadence\app\public\wp-content\themes\plantykadence\functions.php on line 18
[22-Mar-2024 12:28:46 UTC] PHP Warning:  Undefined variable $items in C:\Users\isabe\Local Sites\plantykadence\app\public\wp-content\themes\plantykadence\functions.php on line 18
[22-Mar-2024 12:28:50 UTC] PHP Warning:  Undefined variable $items in C:\Users\isabe\Local Sites\plantykadence\app\public\wp-content\themes\plantykadence\functions.php on line 18
[22-Mar-2024 12:28:50 UTC] PHP Warning:  Undefined variable $items in C:\Users\isabe\Local Sites\plantykadence\app\public\wp-content\themes\plantykadence\functions.php on line 18
[22-Mar-2024 12:28:50 UTC] PHP Warning:  Undefined variable $items in C:\Users\isabe\Local Sites\plantykadence\app\public\wp-content\themes\plantykadence\functions.php on line 18
[22-Mar-2024 12:28:53 UTC] PHP Warning:  Undefined variable $items in C:\Users\isabe\Local Sites\plantykadence\app\public\wp-content\themes\plantykadence\functions.php on line 18
[22-Mar-2024 12:28:54 UTC] PHP Warning:  Undefined variable $items in C:\Users\isabe\Local Sites\plantykadence\app\public\wp-content\themes\plantykadence\functions.php on line 18
[22-Mar-2024 12:28:54 UTC] PHP Warning:  Undefined variable $items in C:\Users\isabe\Local Sites\plantykadence\app\public\wp-content\themes\plantykadence\functions.php on line 18
[22-Mar-2024 12:28:55 UTC] PHP Warning:  Undefined variable $items in C:\Users\isabe\Local Sites\plantykadence\app\public\wp-content\themes\plantykadence\functions.php on line 18
[22-Mar-2024 12:28:55 UTC] PHP Warning:  Undefined variable $items in C:\Users\isabe\Local Sites\plantykadence\app\public\wp-content\themes\plantykadence\functions.php on line 18
[22-Mar-2024 12:29:37 UTC] PHP Warning:  Undefined variable $items in C:\Users\isabe\Local Sites\plantykadence\app\public\wp-content\themes\plantykadence\functions.php on line 18
[22-Mar-2024 12:29:51 UTC] PHP Warning:  Undefined variable $items in C:\Users\isabe\Local Sites\plantykadence\app\public\wp-content\themes\plantykadence\functions.php on line 18
[22-Mar-2024 12:29:51 UTC] PHP Warning:  Undefined variable $items in C:\Users\isabe\Local Sites\plantykadence\app\public\wp-content\themes\plantykadence\functions.php on line 18
[22-Mar-2024 12:30:33 UTC] PHP Warning:  Undefined variable $items in C:\Users\isabe\Local Sites\plantykadence\app\public\wp-content\themes\plantykadence\functions.php on line 18
[22-Mar-2024 12:30:37 UTC] PHP Warning:  Undefined variable $items in C:\Users\isabe\Local Sites\plantykadence\app\public\wp-content\themes\plantykadence\functions.php on line 18
[22-Mar-2024 12:31:27 UTC] PHP Warning:  Undefined variable $items in C:\Users\isabe\Local Sites\plantykadence\app\public\wp-content\themes\plantykadence\functions.php on line 18
[22-Mar-2024 12:31:37 UTC] PHP Warning:  Undefined variable $items in C:\Users\isabe\Local Sites\plantykadence\app\public\wp-content\themes\plantykadence\functions.php on line 18
[22-Mar-2024 12:31:51 UTC] PHP Warning:  Undefined variable $items in C:\Users\isabe\Local Sites\plantykadence\app\public\wp-content\themes\plantykadence\functions.php on line 18
[22-Mar-2024 12:31:51 UTC] PHP Warning:  Undefined variable $items in C:\Users\isabe\Local Sites\plantykadence\app\public\wp-content\themes\plantykadence\functions.php on line 18
[22-Mar-2024 12:32:27 UTC] PHP Warning:  Undefined variable $items in C:\Users\isabe\Local Sites\plantykadence\app\public\wp-content\themes\plantykadence\functions.php on line 18
[22-Mar-2024 12:32:37 UTC] PHP Warning:  Undefined variable $items in C:\Users\isabe\Local Sites\plantykadence\app\public\wp-content\themes\plantykadence\functions.php on line 18
[22-Mar-2024 12:32:41 UTC] PHP Warning:  Undefined variable $items in C:\Users\isabe\Local Sites\plantykadence\app\public\wp-content\themes\plantykadence\functions.php on line 18
[22-Mar-2024 12:32:51 UTC] PHP Warning:  Undefined variable $items in C:\Users\isabe\Local Sites\plantykadence\app\public\wp-content\themes\plantykadence\functions.php on line 18
[22-Mar-2024 12:32:51 UTC] PHP Warning:  Undefined variable $items in C:\Users\isabe\Local Sites\plantykadence\app\public\wp-content\themes\plantykadence\functions.php on line 18
[22-Mar-2024 12:33:08 UTC] PHP Warning:  Undefined variable $items in C:\Users\isabe\Local Sites\plantykadence\app\public\wp-content\themes\plantykadence\functions.php on line 18
[22-Mar-2024 12:33:37 UTC] PHP Warning:  Undefined variable $items in C:\Users\isabe\Local Sites\plantykadence\app\public\wp-content\themes\plantykadence\functions.php on line 18
[22-Mar-2024 12:33:51 UTC] PHP Warning:  Undefined variable $items in C:\Users\isabe\Local Sites\plantykadence\app\public\wp-content\themes\plantykadence\functions.php on line 18
[22-Mar-2024 12:33:51 UTC] PHP Warning:  Undefined variable $items in C:\Users\isabe\Local Sites\plantykadence\app\public\wp-content\themes\plantykadence\functions.php on line 18
[22-Mar-2024 12:34:08 UTC] PHP Warning:  Undefined variable $items in C:\Users\isabe\Local Sites\plantykadence\app\public\wp-content\themes\plantykadence\functions.php on line 18
[22-Mar-2024 12:34:37 UTC] PHP Warning:  Undefined variable $items in C:\Users\isabe\Local Sites\plantykadence\app\public\wp-content\themes\plantykadence\functions.php on line 18
[22-Mar-2024 12:35:08 UTC] PHP Warning:  Undefined variable $items in C:\Users\isabe\Local Sites\plantykadence\app\public\wp-content\themes\plantykadence\functions.php on line 18
[22-Mar-2024 12:35:37 UTC] PHP Warning:  Undefined variable $items in C:\Users\isabe\Local Sites\plantykadence\app\public\wp-content\themes\plantykadence\functions.php on line 18
[22-Mar-2024 12:35:51 UTC] PHP Warning:  Undefined variable $items in C:\Users\isabe\Local Sites\plantykadence\app\public\wp-content\themes\plantykadence\functions.php on line 18
[22-Mar-2024 12:35:51 UTC] PHP Warning:  Undefined variable $items in C:\Users\isabe\Local Sites\plantykadence\app\public\wp-content\themes\plantykadence\functions.php on line 18
[22-Mar-2024 12:36:08 UTC] PHP Warning:  Undefined variable $items in C:\Users\isabe\Local Sites\plantykadence\app\public\wp-content\themes\plantykadence\functions.php on line 18
[22-Mar-2024 12:36:47 UTC] PHP Warning:  Undefined variable $items in C:\Users\isabe\Local Sites\plantykadence\app\public\wp-content\themes\plantykadence\functions.php on line 18
[22-Mar-2024 12:37:08 UTC] PHP Warning:  Undefined variable $items in C:\Users\isabe\Local Sites\plantykadence\app\public\wp-content\themes\plantykadence\functions.php on line 18
[22-Mar-2024 12:37:47 UTC] PHP Warning:  Undefined variable $items in C:\Users\isabe\Local Sites\plantykadence\app\public\wp-content\themes\plantykadence\functions.php on line 18
[22-Mar-2024 12:37:51 UTC] PHP Warning:  Undefined variable $items in C:\Users\isabe\Local Sites\plantykadence\app\public\wp-content\themes\plantykadence\functions.php on line 18
[22-Mar-2024 12:37:51 UTC] PHP Warning:  Undefined variable $items in C:\Users\isabe\Local Sites\plantykadence\app\public\wp-content\themes\plantykadence\functions.php on line 18
[22-Mar-2024 12:38:08 UTC] PHP Warning:  Undefined variable $items in C:\Users\isabe\Local Sites\plantykadence\app\public\wp-content\themes\plantykadence\functions.php on line 18
[22-Mar-2024 12:38:47 UTC] PHP Warning:  Undefined variable $items in C:\Users\isabe\Local Sites\plantykadence\app\public\wp-content\themes\plantykadence\functions.php on line 18
[22-Mar-2024 12:39:09 UTC] PHP Warning:  Undefined variable $items in C:\Users\isabe\Local Sites\plantykadence\app\public\wp-content\themes\plantykadence\functions.php on line 18
[22-Mar-2024 12:39:47 UTC] PHP Warning:  Undefined variable $items in C:\Users\isabe\Local Sites\plantykadence\app\public\wp-content\themes\plantykadence\functions.php on line 18
[22-Mar-2024 12:39:51 UTC] PHP Warning:  Undefined variable $items in C:\Users\isabe\Local Sites\plantykadence\app\public\wp-content\themes\plantykadence\functions.php on line 18
[22-Mar-2024 12:39:51 UTC] PHP Warning:  Undefined variable $items in C:\Users\isabe\Local Sites\plantykadence\app\public\wp-content\themes\plantykadence\functions.php on line 18
[22-Mar-2024 12:40:08 UTC] PHP Warning:  Undefined variable $items in C:\Users\isabe\Local Sites\plantykadence\app\public\wp-content\themes\plantykadence\functions.php on line 18
[22-Mar-2024 12:40:31 UTC] PHP Warning:  Undefined variable $items in C:\Users\isabe\Local Sites\plantykadence\app\public\wp-content\themes\plantykadence\functions.php on line 18
[22-Mar-2024 12:40:47 UTC] PHP Warning:  Undefined variable $items in C:\Users\isabe\Local Sites\plantykadence\app\public\wp-content\themes\plantykadence\functions.php on line 18
[22-Mar-2024 12:40:51 UTC] PHP Warning:  Undefined variable $items in C:\Users\isabe\Local Sites\plantykadence\app\public\wp-content\themes\plantykadence\functions.php on line 18
[22-Mar-2024 12:40:51 UTC] PHP Warning:  Undefined variable $items in C:\Users\isabe\Local Sites\plantykadence\app\public\wp-content\themes\plantykadence\functions.php on line 18
[22-Mar-2024 12:41:03 UTC] PHP Warning:  Undefined variable $items in C:\Users\isabe\Local Sites\plantykadence\app\public\wp-content\themes\plantykadence\functions.php on line 18
[22-Mar-2024 12:41:03 UTC] PHP Warning:  Undefined variable $items in C:\Users\isabe\Local Sites\plantykadence\app\public\wp-content\themes\plantykadence\functions.php on line 18
[22-Mar-2024 12:41:03 UTC] PHP Warning:  Undefined variable $items in C:\Users\isabe\Local Sites\plantykadence\app\public\wp-content\themes\plantykadence\functions.php on line 18
[22-Mar-2024 12:41:31 UTC] PHP Warning:  Undefined variable $items in C:\Users\isabe\Local Sites\plantykadence\app\public\wp-content\themes\plantykadence\functions.php on line 18
[22-Mar-2024 12:41:47 UTC] PHP Warning:  Undefined variable $items in C:\Users\isabe\Local Sites\plantykadence\app\public\wp-content\themes\plantykadence\functions.php on line 18
[22-Mar-2024 12:42:07 UTC] PHP Warning:  Undefined variable $items in C:\Users\isabe\Local Sites\plantykadence\app\public\wp-content\themes\plantykadence\functions.php on line 18
[22-Mar-2024 12:42:07 UTC] PHP Warning:  Undefined variable $items in C:\Users\isabe\Local Sites\plantykadence\app\public\wp-content\themes\plantykadence\functions.php on line 18
[22-Mar-2024 12:42:31 UTC] PHP Warning:  Undefined variable $items in C:\Users\isabe\Local Sites\plantykadence\app\public\wp-content\themes\plantykadence\functions.php on line 18
[22-Mar-2024 12:42:48 UTC] PHP Warning:  Undefined variable $items in C:\Users\isabe\Local Sites\plantykadence\app\public\wp-content\themes\plantykadence\functions.php on line 18
[22-Mar-2024 12:43:31 UTC] PHP Warning:  Undefined variable $items in C:\Users\isabe\Local Sites\plantykadence\app\public\wp-content\themes\plantykadence\functions.php on line 18
[22-Mar-2024 12:43:48 UTC] PHP Warning:  Undefined variable $items in C:\Users\isabe\Local Sites\plantykadence\app\public\wp-content\themes\plantykadence\functions.php on line 18
[22-Mar-2024 12:43:52 UTC] PHP Warning:  Undefined variable $items in C:\Users\isabe\Local Sites\plantykadence\app\public\wp-content\themes\plantykadence\functions.php on line 18
[22-Mar-2024 12:43:53 UTC] PHP Warning:  Undefined variable $items in C:\Users\isabe\Local Sites\plantykadence\app\public\wp-content\themes\plantykadence\functions.php on line 18
[22-Mar-2024 12:43:54 UTC] PHP Warning:  Undefined variable $items in C:\Users\isabe\Local Sites\plantykadence\app\public\wp-content\themes\plantykadence\functions.php on line 18
[22-Mar-2024 12:44:48 UTC] PHP Warning:  Undefined variable $items in C:\Users\isabe\Local Sites\plantykadence\app\public\wp-content\themes\plantykadence\functions.php on line 18
[22-Mar-2024 12:44:52 UTC] PHP Warning:  Undefined variable $items in C:\Users\isabe\Local Sites\plantykadence\app\public\wp-content\themes\plantykadence\functions.php on line 18
[22-Mar-2024 12:44:53 UTC] PHP Warning:  Undefined variable $items in C:\Users\isabe\Local Sites\plantykadence\app\public\wp-content\themes\plantykadence\functions.php on line 18
[22-Mar-2024 12:44:54 UTC] PHP Warning:  Undefined variable $items in C:\Users\isabe\Local Sites\plantykadence\app\public\wp-content\themes\plantykadence\functions.php on line 18
[22-Mar-2024 12:45:53 UTC] PHP Warning:  Undefined variable $items in C:\Users\isabe\Local Sites\plantykadence\app\public\wp-content\themes\plantykadence\functions.php on line 18
[22-Mar-2024 12:46:17 UTC] PHP Fatal error:  Uncaught TypeError: call_user_func_array(): Argument #1 ($callback) must be a valid callback, function "add_amin_link_to_menu" not found or invalid function name in C:\Users\isabe\Local Sites\plantykadence\app\public\wp-includes\class-wp-hook.php:324
Stack trace:
#0 C:\Users\isabe\Local Sites\plantykadence\app\public\wp-includes\plugin.php(205): WP_Hook->apply_filters('<li id="menu-it...', Array)
#1 C:\Users\isabe\Local Sites\plantykadence\app\public\wp-includes\nav-menu-template.php(267): apply_filters('wp_nav_menu_ite...', '<li id="menu-it...', Object(stdClass))
#2 C:\Users\isabe\Local Sites\plantykadence\app\public\wp-content\plugins\header-footer-elementor\inc\widgets-manager\widgets\class-navigation-menu.php(2030): wp_nav_menu(Object(stdClass))
#3 C:\Users\isabe\Local Sites\plantykadence\app\public\wp-content\plugins\elementor\includes\base\controls-stack.php(2297): HFE\WidgetsManager\Widgets\Navigation_Menu->render()
#4 C:\Users\isabe\Local Sites\plantykadence\app\public\wp-content\plugins\elementor\includes\base\widget-base.php(614): Elementor\Controls_Stack->render_by_mode()
#5 C:\Users\isabe\Local Sites\plantykadence\app\public\wp-content\plugins\elementor\includes\base\widget-base.php(755): Elementor\Widget_Base->render_content()
#6 C:\Users\isabe\Local Sites\plantykadence\app\public\wp-content\plugins\elementor\includes\base\element-base.php(464): Elementor\Widget_Base->print_content()
#7 C:\Users\isabe\Local Sites\plantykadence\app\public\wp-content\plugins\elementor\includes\base\element-base.php(1372): Elementor\Element_Base->print_element()
#8 C:\Users\isabe\Local Sites\plantykadence\app\public\wp-content\plugins\elementor\includes\base\element-base.php(464): Elementor\Element_Base->print_content()
#9 C:\Users\isabe\Local Sites\plantykadence\app\public\wp-content\plugins\elementor\includes\base\element-base.php(1372): Elementor\Element_Base->print_element()
#10 C:\Users\isabe\Local Sites\plantykadence\app\public\wp-content\plugins\elementor\includes\base\element-base.php(464): Elementor\Element_Base->print_content()
#11 C:\Users\isabe\Local Sites\plantykadence\app\public\wp-content\plugins\elementor\core\base\document.php(1775): Elementor\Element_Base->print_element()
#12 C:\Users\isabe\Local Sites\plantykadence\app\public\wp-content\plugins\elementor\core\base\document.php(1174): Elementor\Core\Base\Document->print_elements(Array)
#13 C:\Users\isabe\Local Sites\plantykadence\app\public\wp-content\plugins\elementor\includes\frontend.php(1165): Elementor\Core\Base\Document->print_elements_with_wrapper(Array)
#14 C:\Users\isabe\Local Sites\plantykadence\app\public\wp-content\plugins\elementor\includes\frontend.php(1233): Elementor\Frontend->get_builder_content('28', false)
#15 C:\Users\isabe\Local Sites\plantykadence\app\public\wp-content\plugins\header-footer-elementor\inc\class-header-footer-elementor.php(510): Elementor\Frontend->get_builder_content_for_display('28')
#16 C:\Users\isabe\Local Sites\plantykadence\app\public\wp-content\plugins\header-footer-elementor\inc\hfe-functions.php(88): Header_Footer_Elementor::get_header_content()
#17 C:\Users\isabe\Local Sites\plantykadence\app\public\wp-includes\class-wp-hook.php(324): hfe_render_header('')
#18 C:\Users\isabe\Local Sites\plantykadence\app\public\wp-includes\class-wp-hook.php(348): WP_Hook->apply_filters('', Array)
#19 C:\Users\isabe\Local Sites\plantykadence\app\public\wp-includes\plugin.php(517): WP_Hook->do_action(Array)
#20 C:\Users\isabe\Local Sites\plantykadence\app\public\wp-content\themes\kadence\header.php(49): do_action('kadence_header')
#21 C:\Users\isabe\Local Sites\plantykadence\app\public\wp-includes\template.php(790): require_once('C:\\Users\\isabe\\...')
#22 C:\Users\isabe\Local Sites\plantykadence\app\public\wp-includes\template.php(725): load_template('C:\\Users\\isabe\\...', true, Array)
#23 C:\Users\isabe\Local Sites\plantykadence\app\public\wp-includes\general-template.php(48): locate_template(Array, true, true, Array)
#24 C:\Users\isabe\Local Sites\plantykadence\app\public\wp-content\themes\kadence\page.php(14): get_header()
#25 C:\Users\isabe\Local Sites\plantykadence\app\public\wp-includes\template-loader.php(106): include('C:\\Users\\isabe\\...')
#26 C:\Users\isabe\Local Sites\plantykadence\app\public\wp-blog-header.php(19): require_once('C:\\Users\\isabe\\...')
#27 C:\Users\isabe\Local Sites\plantykadence\app\public\index.php(17): require('C:\\Users\\isabe\\...')
#28 {main}
  thrown in C:\Users\isabe\Local Sites\plantykadence\app\public\wp-includes\class-wp-hook.php on line 324
[22-Mar-2024 12:47:37 UTC] PHP Fatal error:  Uncaught TypeError: call_user_func_array(): Argument #1 ($callback) must be a valid callback, function "add_amin_link_to_menu" not found or invalid function name in C:\Users\isabe\Local Sites\plantykadence\app\public\wp-includes\class-wp-hook.php:324
Stack trace:
#0 C:\Users\isabe\Local Sites\plantykadence\app\public\wp-includes\plugin.php(205): WP_Hook->apply_filters('<li id="menu-it...', Array)
#1 C:\Users\isabe\Local Sites\plantykadence\app\public\wp-includes\nav-menu-template.php(267): apply_filters('wp_nav_menu_ite...', '<li id="menu-it...', Object(stdClass))
#2 C:\Users\isabe\Local Sites\plantykadence\app\public\wp-content\plugins\header-footer-elementor\inc\widgets-manager\widgets\class-navigation-menu.php(2030): wp_nav_menu(Object(stdClass))
#3 C:\Users\isabe\Local Sites\plantykadence\app\public\wp-content\plugins\elementor\includes\base\controls-stack.php(2297): HFE\WidgetsManager\Widgets\Navigation_Menu->render()
#4 C:\Users\isabe\Local Sites\plantykadence\app\public\wp-content\plugins\elementor\includes\base\widget-base.php(614): Elementor\Controls_Stack->render_by_mode()
#5 C:\Users\isabe\Local Sites\plantykadence\app\public\wp-content\plugins\elementor\includes\base\widget-base.php(755): Elementor\Widget_Base->render_content()
#6 C:\Users\isabe\Local Sites\plantykadence\app\public\wp-content\plugins\elementor\includes\base\element-base.php(464): Elementor\Widget_Base->print_content()
#7 C:\Users\isabe\Local Sites\plantykadence\app\public\wp-content\plugins\elementor\includes\base\element-base.php(1372): Elementor\Element_Base->print_element()
#8 C:\Users\isabe\Local Sites\plantykadence\app\public\wp-content\plugins\elementor\includes\base\element-base.php(464): Elementor\Element_Base->print_content()
#9 C:\Users\isabe\Local Sites\plantykadence\app\public\wp-content\plugins\elementor\includes\base\element-base.php(1372): Elementor\Element_Base->print_element()
#10 C:\Users\isabe\Local Sites\plantykadence\app\public\wp-content\plugins\elementor\includes\base\element-base.php(464): Elementor\Element_Base->print_content()
#11 C:\Users\isabe\Local Sites\plantykadence\app\public\wp-content\plugins\elementor\core\base\document.php(1775): Elementor\Element_Base->print_element()
#12 C:\Users\isabe\Local Sites\plantykadence\app\public\wp-content\plugins\elementor\core\base\document.php(1174): Elementor\Core\Base\Document->print_elements(Array)
#13 C:\Users\isabe\Local Sites\plantykadence\app\public\wp-content\plugins\elementor\includes\frontend.php(1165): Elementor\Core\Base\Document->print_elements_with_wrapper(Array)
#14 C:\Users\isabe\Local Sites\plantykadence\app\public\wp-content\plugins\elementor\includes\frontend.php(1233): Elementor\Frontend->get_builder_content('28', false)
#15 C:\Users\isabe\Local Sites\plantykadence\app\public\wp-content\plugins\header-footer-elementor\inc\class-header-footer-elementor.php(510): Elementor\Frontend->get_builder_content_for_display('28')
#16 C:\Users\isabe\Local Sites\plantykadence\app\public\wp-content\plugins\header-footer-elementor\inc\hfe-functions.php(88): Header_Footer_Elementor::get_header_content()
#17 C:\Users\isabe\Local Sites\plantykadence\app\public\wp-includes\class-wp-hook.php(324): hfe_render_header('')
#18 C:\Users\isabe\Local Sites\plantykadence\app\public\wp-includes\class-wp-hook.php(348): WP_Hook->apply_filters('', Array)
#19 C:\Users\isabe\Local Sites\plantykadence\app\public\wp-includes\plugin.php(517): WP_Hook->do_action(Array)
#20 C:\Users\isabe\Local Sites\plantykadence\app\public\wp-content\themes\kadence\header.php(49): do_action('kadence_header')
#21 C:\Users\isabe\Local Sites\plantykadence\app\public\wp-includes\template.php(790): require_once('C:\\Users\\isabe\\...')
#22 C:\Users\isabe\Local Sites\plantykadence\app\public\wp-includes\template.php(725): load_template('C:\\Users\\isabe\\...', true, Array)
#23 C:\Users\isabe\Local Sites\plantykadence\app\public\wp-includes\general-template.php(48): locate_template(Array, true, true, Array)
#24 C:\Users\isabe\Local Sites\plantykadence\app\public\wp-content\themes\kadence\page.php(14): get_header()
#25 C:\Users\isabe\Local Sites\plantykadence\app\public\wp-includes\template-loader.php(106): include('C:\\Users\\isabe\\...')
#26 C:\Users\isabe\Local Sites\plantykadence\app\public\wp-blog-header.php(19): require_once('C:\\Users\\isabe\\...')
#27 C:\Users\isabe\Local Sites\plantykadence\app\public\index.php(17): require('C:\\Users\\isabe\\...')
#28 {main}
  thrown in C:\Users\isabe\Local Sites\plantykadence\app\public\wp-includes\class-wp-hook.php on line 324
[22-Mar-2024 12:49:26 UTC] PHP Fatal error:  Uncaught TypeError: call_user_func_array(): Argument #1 ($callback) must be a valid callback, function "add_amin_link_to_menu" not found or invalid function name in C:\Users\isabe\Local Sites\plantykadence\app\public\wp-includes\class-wp-hook.php:324
Stack trace:
#0 C:\Users\isabe\Local Sites\plantykadence\app\public\wp-includes\plugin.php(205): WP_Hook->apply_filters('<li id="menu-it...', Array)
#1 C:\Users\isabe\Local Sites\plantykadence\app\public\wp-includes\nav-menu-template.php(267): apply_filters('wp_nav_menu_ite...', '<li id="menu-it...', Object(stdClass))
#2 C:\Users\isabe\Local Sites\plantykadence\app\public\wp-content\plugins\header-footer-elementor\inc\widgets-manager\widgets\class-navigation-menu.php(2030): wp_nav_menu(Object(stdClass))
#3 C:\Users\isabe\Local Sites\plantykadence\app\public\wp-content\plugins\elementor\includes\base\controls-stack.php(2297): HFE\WidgetsManager\Widgets\Navigation_Menu->render()
#4 C:\Users\isabe\Local Sites\plantykadence\app\public\wp-content\plugins\elementor\includes\base\widget-base.php(614): Elementor\Controls_Stack->render_by_mode()
#5 C:\Users\isabe\Local Sites\plantykadence\app\public\wp-content\plugins\elementor\includes\base\widget-base.php(755): Elementor\Widget_Base->render_content()
#6 C:\Users\isabe\Local Sites\plantykadence\app\public\wp-content\plugins\elementor\includes\base\element-base.php(464): Elementor\Widget_Base->print_content()
#7 C:\Users\isabe\Local Sites\plantykadence\app\public\wp-content\plugins\elementor\includes\base\element-base.php(1372): Elementor\Element_Base->print_element()
#8 C:\Users\isabe\Local Sites\plantykadence\app\public\wp-content\plugins\elementor\includes\base\element-base.php(464): Elementor\Element_Base->print_content()
#9 C:\Users\isabe\Local Sites\plantykadence\app\public\wp-content\plugins\elementor\includes\base\element-base.php(1372): Elementor\Element_Base->print_element()
#10 C:\Users\isabe\Local Sites\plantykadence\app\public\wp-content\plugins\elementor\includes\base\element-base.php(464): Elementor\Element_Base->print_content()
#11 C:\Users\isabe\Local Sites\plantykadence\app\public\wp-content\plugins\elementor\core\base\document.php(1775): Elementor\Element_Base->print_element()
#12 C:\Users\isabe\Local Sites\plantykadence\app\public\wp-content\plugins\elementor\core\base\document.php(1174): Elementor\Core\Base\Document->print_elements(Array)
#13 C:\Users\isabe\Local Sites\plantykadence\app\public\wp-content\plugins\elementor\includes\frontend.php(1165): Elementor\Core\Base\Document->print_elements_with_wrapper(Array)
#14 C:\Users\isabe\Local Sites\plantykadence\app\public\wp-content\plugins\elementor\includes\frontend.php(1233): Elementor\Frontend->get_builder_content('28', false)
#15 C:\Users\isabe\Local Sites\plantykadence\app\public\wp-content\plugins\header-footer-elementor\inc\class-header-footer-elementor.php(510): Elementor\Frontend->get_builder_content_for_display('28')
#16 C:\Users\isabe\Local Sites\plantykadence\app\public\wp-content\plugins\header-footer-elementor\inc\hfe-functions.php(88): Header_Footer_Elementor::get_header_content()
#17 C:\Users\isabe\Local Sites\plantykadence\app\public\wp-includes\class-wp-hook.php(324): hfe_render_header('')
#18 C:\Users\isabe\Local Sites\plantykadence\app\public\wp-includes\class-wp-hook.php(348): WP_Hook->apply_filters('', Array)
#19 C:\Users\isabe\Local Sites\plantykadence\app\public\wp-includes\plugin.php(517): WP_Hook->do_action(Array)
#20 C:\Users\isabe\Local Sites\plantykadence\app\public\wp-content\themes\kadence\header.php(49): do_action('kadence_header')
#21 C:\Users\isabe\Local Sites\plantykadence\app\public\wp-includes\template.php(790): require_once('C:\\Users\\isabe\\...')
#22 C:\Users\isabe\Local Sites\plantykadence\app\public\wp-includes\template.php(725): load_template('C:\\Users\\isabe\\...', true, Array)
#23 C:\Users\isabe\Local Sites\plantykadence\app\public\wp-includes\general-template.php(48): locate_template(Array, true, true, Array)
#24 C:\Users\isabe\Local Sites\plantykadence\app\public\wp-content\themes\kadence\page.php(14): get_header()
#25 C:\Users\isabe\Local Sites\plantykadence\app\public\wp-includes\template-loader.php(106): include('C:\\Users\\isabe\\...')
#26 C:\Users\isabe\Local Sites\plantykadence\app\public\wp-blog-header.php(19): require_once('C:\\Users\\isabe\\...')
#27 C:\Users\isabe\Local Sites\plantykadence\app\public\index.php(17): require('C:\\Users\\isabe\\...')
#28 {main}
  thrown in C:\Users\isabe\Local Sites\plantykadence\app\public\wp-includes\class-wp-hook.php on line 324
[22-Mar-2024 12:50:08 UTC] PHP Fatal error:  Uncaught TypeError: call_user_func_array(): Argument #1 ($callback) must be a valid callback, function "add_amin_link_to_menu" not found or invalid function name in C:\Users\isabe\Local Sites\plantykadence\app\public\wp-includes\class-wp-hook.php:324
Stack trace:
#0 C:\Users\isabe\Local Sites\plantykadence\app\public\wp-includes\plugin.php(205): WP_Hook->apply_filters('<li id="menu-it...', Array)
#1 C:\Users\isabe\Local Sites\plantykadence\app\public\wp-includes\nav-menu-template.php(267): apply_filters('wp_nav_menu_ite...', '<li id="menu-it...', Object(stdClass))
#2 C:\Users\isabe\Local Sites\plantykadence\app\public\wp-content\plugins\header-footer-elementor\inc\widgets-manager\widgets\class-navigation-menu.php(2030): wp_nav_menu(Object(stdClass))
#3 C:\Users\isabe\Local Sites\plantykadence\app\public\wp-content\plugins\elementor\includes\base\controls-stack.php(2297): HFE\WidgetsManager\Widgets\Navigation_Menu->render()
#4 C:\Users\isabe\Local Sites\plantykadence\app\public\wp-content\plugins\elementor\includes\base\widget-base.php(614): Elementor\Controls_Stack->render_by_mode()
#5 C:\Users\isabe\Local Sites\plantykadence\app\public\wp-content\plugins\elementor\includes\base\widget-base.php(755): Elementor\Widget_Base->render_content()
#6 C:\Users\isabe\Local Sites\plantykadence\app\public\wp-content\plugins\elementor\includes\base\element-base.php(464): Elementor\Widget_Base->print_content()
#7 C:\Users\isabe\Local Sites\plantykadence\app\public\wp-content\plugins\elementor\includes\base\element-base.php(1372): Elementor\Element_Base->print_element()
#8 C:\Users\isabe\Local Sites\plantykadence\app\public\wp-content\plugins\elementor\includes\base\element-base.php(464): Elementor\Element_Base->print_content()
#9 C:\Users\isabe\Local Sites\plantykadence\app\public\wp-content\plugins\elementor\includes\base\element-base.php(1372): Elementor\Element_Base->print_element()
#10 C:\Users\isabe\Local Sites\plantykadence\app\public\wp-content\plugins\elementor\includes\base\element-base.php(464): Elementor\Element_Base->print_content()
#11 C:\Users\isabe\Local Sites\plantykadence\app\public\wp-content\plugins\elementor\core\base\document.php(1775): Elementor\Element_Base->print_element()
#12 C:\Users\isabe\Local Sites\plantykadence\app\public\wp-content\plugins\elementor\core\base\document.php(1174): Elementor\Core\Base\Document->print_elements(Array)
#13 C:\Users\isabe\Local Sites\plantykadence\app\public\wp-content\plugins\elementor\includes\frontend.php(1165): Elementor\Core\Base\Document->print_elements_with_wrapper(Array)
#14 C:\Users\isabe\Local Sites\plantykadence\app\public\wp-content\plugins\elementor\includes\frontend.php(1233): Elementor\Frontend->get_builder_content('28', false)
#15 C:\Users\isabe\Local Sites\plantykadence\app\public\wp-content\plugins\header-footer-elementor\inc\class-header-footer-elementor.php(510): Elementor\Frontend->get_builder_content_for_display('28')
#16 C:\Users\isabe\Local Sites\plantykadence\app\public\wp-content\plugins\header-footer-elementor\inc\hfe-functions.php(88): Header_Footer_Elementor::get_header_content()
#17 C:\Users\isabe\Local Sites\plantykadence\app\public\wp-includes\class-wp-hook.php(324): hfe_render_header('')
#18 C:\Users\isabe\Local Sites\plantykadence\app\public\wp-includes\class-wp-hook.php(348): WP_Hook->apply_filters('', Array)
#19 C:\Users\isabe\Local Sites\plantykadence\app\public\wp-includes\plugin.php(517): WP_Hook->do_action(Array)
#20 C:\Users\isabe\Local Sites\plantykadence\app\public\wp-content\themes\kadence\header.php(49): do_action('kadence_header')
#21 C:\Users\isabe\Local Sites\plantykadence\app\public\wp-includes\template.php(790): require_once('C:\\Users\\isabe\\...')
#22 C:\Users\isabe\Local Sites\plantykadence\app\public\wp-includes\template.php(725): load_template('C:\\Users\\isabe\\...', true, Array)
#23 C:\Users\isabe\Local Sites\plantykadence\app\public\wp-includes\general-template.php(48): locate_template(Array, true, true, Array)
#24 C:\Users\isabe\Local Sites\plantykadence\app\public\wp-content\themes\kadence\page.php(14): get_header()
#25 C:\Users\isabe\Local Sites\plantykadence\app\public\wp-includes\template-loader.php(106): include('C:\\Users\\isabe\\...')
#26 C:\Users\isabe\Local Sites\plantykadence\app\public\wp-blog-header.php(19): require_once('C:\\Users\\isabe\\...')
#27 C:\Users\isabe\Local Sites\plantykadence\app\public\index.php(17): require('C:\\Users\\isabe\\...')
#28 {main}
  thrown in C:\Users\isabe\Local Sites\plantykadence\app\public\wp-includes\class-wp-hook.php on line 324
[22-Mar-2024 12:51:36 UTC] PHP Parse error:  Unterminated comment starting line 13 in C:\Users\isabe\Local Sites\plantykadence\app\public\wp-content\themes\plantykadence\functions.php on line 13
[22-Mar-2024 12:52:32 UTC] PHP Parse error:  Unterminated comment starting line 23 in C:\Users\isabe\Local Sites\plantykadence\app\public\wp-content\themes\plantykadence\functions.php on line 23
[22-Mar-2024 12:52:50 UTC] PHP Fatal error:  Uncaught TypeError: call_user_func_array(): Argument #1 ($callback) must be a valid callback, function "add_amin_link_to_menu" not found or invalid function name in C:\Users\isabe\Local Sites\plantykadence\app\public\wp-includes\class-wp-hook.php:324
Stack trace:
#0 C:\Users\isabe\Local Sites\plantykadence\app\public\wp-includes\plugin.php(205): WP_Hook->apply_filters('<li id="menu-it...', Array)
#1 C:\Users\isabe\Local Sites\plantykadence\app\public\wp-includes\nav-menu-template.php(267): apply_filters('wp_nav_menu_ite...', '<li id="menu-it...', Object(stdClass))
#2 C:\Users\isabe\Local Sites\plantykadence\app\public\wp-content\plugins\header-footer-elementor\inc\widgets-manager\widgets\class-navigation-menu.php(2030): wp_nav_menu(Object(stdClass))
#3 C:\Users\isabe\Local Sites\plantykadence\app\public\wp-content\plugins\elementor\includes\base\controls-stack.php(2297): HFE\WidgetsManager\Widgets\Navigation_Menu->render()
#4 C:\Users\isabe\Local Sites\plantykadence\app\public\wp-content\plugins\elementor\includes\base\widget-base.php(614): Elementor\Controls_Stack->render_by_mode()
#5 C:\Users\isabe\Local Sites\plantykadence\app\public\wp-content\plugins\elementor\includes\base\widget-base.php(755): Elementor\Widget_Base->render_content()
#6 C:\Users\isabe\Local Sites\plantykadence\app\public\wp-content\plugins\elementor\includes\base\element-base.php(464): Elementor\Widget_Base->print_content()
#7 C:\Users\isabe\Local Sites\plantykadence\app\public\wp-content\plugins\elementor\includes\base\element-base.php(1372): Elementor\Element_Base->print_element()
#8 C:\Users\isabe\Local Sites\plantykadence\app\public\wp-content\plugins\elementor\includes\base\element-base.php(464): Elementor\Element_Base->print_content()
#9 C:\Users\isabe\Local Sites\plantykadence\app\public\wp-content\plugins\elementor\includes\base\element-base.php(1372): Elementor\Element_Base->print_element()
#10 C:\Users\isabe\Local Sites\plantykadence\app\public\wp-content\plugins\elementor\includes\base\element-base.php(464): Elementor\Element_Base->print_content()
#11 C:\Users\isabe\Local Sites\plantykadence\app\public\wp-content\plugins\elementor\core\base\document.php(1775): Elementor\Element_Base->print_element()
#12 C:\Users\isabe\Local Sites\plantykadence\app\public\wp-content\plugins\elementor\core\base\document.php(1174): Elementor\Core\Base\Document->print_elements(Array)
#13 C:\Users\isabe\Local Sites\plantykadence\app\public\wp-content\plugins\elementor\includes\frontend.php(1165): Elementor\Core\Base\Document->print_elements_with_wrapper(Array)
#14 C:\Users\isabe\Local Sites\plantykadence\app\public\wp-content\plugins\elementor\includes\frontend.php(1233): Elementor\Frontend->get_builder_content('28', false)
#15 C:\Users\isabe\Local Sites\plantykadence\app\public\wp-content\plugins\header-footer-elementor\inc\class-header-footer-elementor.php(510): Elementor\Frontend->get_builder_content_for_display('28')
#16 C:\Users\isabe\Local Sites\plantykadence\app\public\wp-content\plugins\header-footer-elementor\inc\hfe-functions.php(88): Header_Footer_Elementor::get_header_content()
#17 C:\Users\isabe\Local Sites\plantykadence\app\public\wp-includes\class-wp-hook.php(324): hfe_render_header('')
#18 C:\Users\isabe\Local Sites\plantykadence\app\public\wp-includes\class-wp-hook.php(348): WP_Hook->apply_filters('', Array)
#19 C:\Users\isabe\Local Sites\plantykadence\app\public\wp-includes\plugin.php(517): WP_Hook->do_action(Array)
#20 C:\Users\isabe\Local Sites\plantykadence\app\public\wp-content\themes\kadence\header.php(49): do_action('kadence_header')
#21 C:\Users\isabe\Local Sites\plantykadence\app\public\wp-includes\template.php(790): require_once('C:\\Users\\isabe\\...')
#22 C:\Users\isabe\Local Sites\plantykadence\app\public\wp-includes\template.php(725): load_template('C:\\Users\\isabe\\...', true, Array)
#23 C:\Users\isabe\Local Sites\plantykadence\app\public\wp-includes\general-template.php(48): locate_template(Array, true, true, Array)
#24 C:\Users\isabe\Local Sites\plantykadence\app\public\wp-content\themes\kadence\page.php(14): get_header()
#25 C:\Users\isabe\Local Sites\plantykadence\app\public\wp-includes\template-loader.php(106): include('C:\\Users\\isabe\\...')
#26 C:\Users\isabe\Local Sites\plantykadence\app\public\wp-blog-header.php(19): require_once('C:\\Users\\isabe\\...')
#27 C:\Users\isabe\Local Sites\plantykadence\app\public\index.php(17): require('C:\\Users\\isabe\\...')
#28 {main}
  thrown in C:\Users\isabe\Local Sites\plantykadence\app\public\wp-includes\class-wp-hook.php on line 324
[26-Mar-2024 15:09:45 UTC] Erreur d’événement de replanification de tâche pour le crochet action_scheduler_run_queue. Code d’erreur : invalid_schedule. Message d’erreur : L’évènement planifié n’existe pas.. Données : {"schedule":"every_minute","args":["WP Cron"],"interval":60}
[28-Mar-2024 08:07:51 UTC] PHP Parse error:  syntax error, unexpected token "=>" in C:\Users\isabe\Local Sites\plantykadence\app\public\wp-content\themes\plantykadence\functions.php on line 25
[28-Mar-2024 08:07:51 UTC] PHP Parse error:  syntax error, unexpected token "=>" in C:\Users\isabe\Local Sites\plantykadence\app\public\wp-content\themes\plantykadence\functions.php on line 25
[28-Mar-2024 08:08:09 UTC] PHP Parse error:  syntax error, unexpected token "=>" in C:\Users\isabe\Local Sites\plantykadence\app\public\wp-content\themes\plantykadence\functions.php on line 25
[28-Mar-2024 08:08:11 UTC] PHP Parse error:  syntax error, unexpected token "=>" in C:\Users\isabe\Local Sites\plantykadence\app\public\wp-content\themes\plantykadence\functions.php on line 25
[28-Mar-2024 08:08:12 UTC] PHP Parse error:  syntax error, unexpected token "=>" in C:\Users\isabe\Local Sites\plantykadence\app\public\wp-content\themes\plantykadence\functions.php on line 25
[28-Mar-2024 08:08:12 UTC] PHP Warning:  Trying to access array offset on value of type bool in C:\Users\isabe\Local Sites\plantykadence\app\public\wp-includes\class-wp-recovery-mode-email-service.php on line 367
[28-Mar-2024 08:08:12 UTC] PHP Warning:  Trying to access array offset on value of type bool in C:\Users\isabe\Local Sites\plantykadence\app\public\wp-includes\class-wp-recovery-mode-email-service.php on line 368
[28-Mar-2024 08:08:14 UTC] PHP Parse error:  syntax error, unexpected token "=>" in C:\Users\isabe\Local Sites\plantykadence\app\public\wp-content\themes\plantykadence\functions.php on line 25
[28-Mar-2024 08:08:16 UTC] PHP Parse error:  syntax error, unexpected token "=>" in C:\Users\isabe\Local Sites\plantykadence\app\public\wp-content\themes\plantykadence\functions.php on line 25
[28-Mar-2024 08:08:16 UTC] PHP Parse error:  syntax error, unexpected token "=>" in C:\Users\isabe\Local Sites\plantykadence\app\public\wp-content\themes\plantykadence\functions.php on line 25
[28-Mar-2024 08:08:27 UTC] PHP Parse error:  syntax error, unexpected token "=>" in C:\Users\isabe\Local Sites\plantykadence\app\public\wp-content\themes\plantykadence\functions.php on line 25
[30-Mar-2024 18:20:31 UTC] PHP Parse error:  syntax error, unexpected variable "$tableau" in C:\Users\isabe\Local Sites\plantykadence\app\public\wp-content\themes\plantykadence\functions.php on line 11
[30-Mar-2024 18:20:31 UTC] PHP Parse error:  syntax error, unexpected variable "$tableau" in C:\Users\isabe\Local Sites\plantykadence\app\public\wp-content\themes\plantykadence\functions.php on line 11
[30-Mar-2024 18:20:41 UTC] PHP Parse error:  syntax error, unexpected variable "$tableau" in C:\Users\isabe\Local Sites\plantykadence\app\public\wp-content\themes\plantykadence\functions.php on line 11
[30-Mar-2024 18:20:41 UTC] PHP Warning:  Trying to access array offset on value of type bool in C:\Users\isabe\Local Sites\plantykadence\app\public\wp-includes\class-wp-recovery-mode-email-service.php on line 367
[30-Mar-2024 18:20:41 UTC] PHP Warning:  Trying to access array offset on value of type bool in C:\Users\isabe\Local Sites\plantykadence\app\public\wp-includes\class-wp-recovery-mode-email-service.php on line 368
[02-Apr-2024 07:55:37 UTC] PHP Parse error:  Unmatched '}' in C:\Users\isabe\Local Sites\plantykadence\app\public\wp-content\themes\plantykadence\functions.php on line 64
[02-Apr-2024 07:55:37 UTC] PHP Parse error:  Unmatched '}' in C:\Users\isabe\Local Sites\plantykadence\app\public\wp-content\themes\plantykadence\functions.php on line 64
[02-Apr-2024 08:01:56 UTC] PHP Warning:  Undefined property: stdClass::$primary in C:\Users\isabe\Local Sites\plantykadence\app\public\wp-content\themes\plantykadence\functions.php on line 56
[02-Apr-2024 08:10:53 UTC] PHP Warning:  Undefined property: stdClass::$primary in C:\Users\isabe\Local Sites\plantykadence\app\public\wp-content\themes\plantykadence\functions.php on line 56
[02-Apr-2024 08:10:55 UTC] PHP Warning:  Undefined property: stdClass::$primary in C:\Users\isabe\Local Sites\plantykadence\app\public\wp-content\themes\plantykadence\functions.php on line 56
